<?xml version="1.0" encoding="UTF-8"?>
<testng-results ignored="0" total="1" passed="1" failed="0" skipped="0">
  <reporter-output>
  </reporter-output>
  <suite started-at="2023-02-23T17:50:31 IST" name="Default suite" finished-at="2023-02-23T17:51:21 IST" duration-ms="50257">
    <groups>
    </groups>
    <test started-at="2023-02-23T17:50:31 IST" name="Default test" finished-at="2023-02-23T17:51:21 IST" duration-ms="50257">
      <class name="com.qa.appium.com.qa.appium.LongPress">
        <test-method is-config="true" signature="util()[pri:0, instance:com.qa.appium.com.qa.appium.LongPress@32b260fa]" started-at="2023-02-23T17:50:31 IST" name="util" finished-at="2023-02-23T17:50:49 IST" duration-ms="18316" status="PASS">
          <reporter-output>
          </reporter-output>
        </test-method> <!-- util -->
        <test-method signature="longPressButton()[pri:0, instance:com.qa.appium.com.qa.appium.LongPress@32b260fa]" started-at="2023-02-23T17:50:49 IST" name="longPressButton" finished-at="2023-02-23T17:51:21 IST" duration-ms="31861" status="PASS">
          <reporter-output>
          </reporter-output>
        </test-method> <!-- longPressButton -->
        <test-method is-config="true" signature="tearDown()[pri:0, instance:com.qa.appium.com.qa.appium.LongPress@32b260fa]" started-at="2023-02-23T17:51:21 IST" name="tearDown" finished-at="2023-02-23T17:51:21 IST" duration-ms="0" status="PASS">
          <reporter-output>
          </reporter-output>
        </test-method> <!-- tearDown -->
      </class> <!-- com.qa.appium.com.qa.appium.LongPress -->
    </test> <!-- Default test -->
  </suite> <!-- Default suite -->
</testng-results>
